<?xml version="1.0" encoding="UTF-8"?>
<!-- Generated by org.testng.reporters.JUnitReportReporter -->
<testsuite skipped="0" hostname="MSI" name="StepDefination.W3School" tests="1" failures="0" timestamp="27 May 2020 14:47:07 GMT" time="0.077" errors="0">
  <testcase name="feature" time="0.077" classname="StepDefination.W3School"/>
</testsuite> <!-- StepDefination.W3School -->
