<?xml version="1.0" encoding="UTF-8"?>
<!-- Generated by org.testng.reporters.JUnitReportReporter -->
<testsuite skipped="0" hostname="MSI" name="Runners.W3SchoolRunner" tests="1" failures="0" timestamp="28 May 2020 06:40:53 GMT" time="16.562" errors="0">
  <testcase name="feature" time="16.562" classname="Runners.W3SchoolRunner"/>
</testsuite> <!-- Runners.W3SchoolRunner -->
