<?xml version="1.0" encoding="UTF-8"?>
<!-- Generated by org.testng.reporters.JUnitReportReporter -->
<testsuite skipped="0" hostname="MSI" name="Runners.W3SchoolRunner" tests="1" failures="0" timestamp="28 May 2020 07:36:52 GMT" time="10.271" errors="0">
  <testcase name="feature" time="10.271" classname="Runners.W3SchoolRunner"/>
</testsuite> <!-- Runners.W3SchoolRunner -->
